<?xml version="1.0" encoding="UTF-8"?>
<coverage generated="1725984922830" clover="3.2.0">
  <project timestamp="1725984922830" name="All files">
    <metrics statements="10" coveredstatements="6" conditionals="3" coveredconditionals="2" methods="3" coveredmethods="2" elements="16" coveredelements="10" complexity="0" loc="10" ncloc="10" packages="2" files="3" classes="3"/>
    <package name="src">
      <metrics statements="4" coveredstatements="0" conditionals="1" coveredconditionals="0" methods="1" coveredmethods="0"/>
      <file name="main.ts" path="/Users/kyle/Code/kopickik/klydelearns1/ts-vite-playground/src/main.ts">
        <metrics statements="4" coveredstatements="0" conditionals="1" coveredconditionals="0" methods="1" coveredmethods="0"/>
        <line num="1" count="0" type="cond" truecount="0" falsecount="1"/>
        <line num="3" count="0" type="stmt"/>
        <line num="5" count="0" type="stmt"/>
        <line num="8" count="0" type="stmt"/>
      </file>
    </package>
    <package name="src.util">
      <metrics statements="6" coveredstatements="6" conditionals="2" coveredconditionals="2" methods="2" coveredmethods="2"/>
      <file name="math.ts" path="/Users/kyle/Code/kopickik/klydelearns1/ts-vite-playground/src/util/math.ts">
        <metrics statements="3" coveredstatements="3" conditionals="1" coveredconditionals="1" methods="1" coveredmethods="1"/>
        <line num="1" count="1" type="cond" truecount="1" falsecount="0"/>
        <line num="2" count="1" type="stmt"/>
        <line num="3" count="1" type="stmt"/>
      </file>
      <file name="string-utils.ts" path="/Users/kyle/Code/kopickik/klydelearns1/ts-vite-playground/src/util/string-utils.ts">
        <metrics statements="3" coveredstatements="3" conditionals="1" coveredconditionals="1" methods="1" coveredmethods="1"/>
        <line num="1" count="1" type="cond" truecount="1" falsecount="0"/>
        <line num="2" count="6" type="stmt"/>
        <line num="3" count="6" type="stmt"/>
      </file>
    </package>
  </project>
</coverage>
