{"/Users/kyle/Code/kopickik/klydelearns1/ts-vite-playground/src/main.ts": {"path":"/Users/kyle/Code/kopickik/klydelearns1/ts-vite-playground/src/main.ts","all":true,"statementMap":{"0":{"start":{"line":1,"column":0},"end":{"line":1,"column":42}},"2":{"start":{"line":3,"column":0},"end":{"line":3,"column":60}},"4":{"start":{"line":5,"column":0},"end":{"line":5,"column":17}},"7":{"start":{"line":8,"column":0},"end":{"line":8,"column":34}}},"s":{"0":0,"2":0,"4":0,"7":0},"branchMap":{"0":{"type":"branch","line":1,"loc":{"start":{"line":1,"column":0},"end":{"line":9,"column":-125}},"locations":[{"start":{"line":1,"column":0},"end":{"line":9,"column":-125}}]}},"b":{"0":[0]},"fnMap":{"0":{"name":"(empty-report)","decl":{"start":{"line":1,"column":0},"end":{"line":9,"column":-125}},"loc":{"start":{"line":1,"column":0},"end":{"line":9,"column":-125}},"line":1}},"f":{"0":0}}
,"/Users/kyle/Code/kopickik/klydelearns1/ts-vite-playground/src/util/math.ts": {"path":"/Users/kyle/Code/kopickik/klydelearns1/ts-vite-playground/src/util/math.ts","all":false,"statementMap":{"0":{"start":{"line":1,"column":0},"end":{"line":1,"column":51}},"1":{"start":{"line":2,"column":0},"end":{"line":2,"column":16}},"2":{"start":{"line":3,"column":0},"end":{"line":3,"column":1}}},"s":{"0":1,"1":1,"2":1},"branchMap":{"0":{"type":"branch","line":1,"loc":{"start":{"line":1,"column":7},"end":{"line":3,"column":1}},"locations":[{"start":{"line":1,"column":7},"end":{"line":3,"column":1}}]}},"b":{"0":[1]},"fnMap":{"0":{"name":"sum","decl":{"start":{"line":1,"column":7},"end":{"line":3,"column":1}},"loc":{"start":{"line":1,"column":7},"end":{"line":3,"column":1}},"line":1}},"f":{"0":1}}
,"/Users/kyle/Code/kopickik/klydelearns1/ts-vite-playground/src/util/string-utils.ts": {"path":"/Users/kyle/Code/kopickik/klydelearns1/ts-vite-playground/src/util/string-utils.ts","all":false,"statementMap":{"0":{"start":{"line":1,"column":0},"end":{"line":1,"column":55}},"1":{"start":{"line":2,"column":0},"end":{"line":2,"column":68}},"2":{"start":{"line":3,"column":0},"end":{"line":3,"column":1}}},"s":{"0":1,"1":6,"2":6},"branchMap":{"0":{"type":"branch","line":1,"loc":{"start":{"line":1,"column":7},"end":{"line":3,"column":1}},"locations":[{"start":{"line":1,"column":7},"end":{"line":3,"column":1}}]}},"b":{"0":[6]},"fnMap":{"0":{"name":"capitalizeString","decl":{"start":{"line":1,"column":7},"end":{"line":3,"column":1}},"loc":{"start":{"line":1,"column":7},"end":{"line":3,"column":1}},"line":1}},"f":{"0":6}}
}
